<?xml version="1.0" encoding="UTF-8"?>
<!-- Generated by org.testng.reporters.JUnitReportReporter -->
<testsuite hostname="fredrik-G75VX" name="example.NewTest" tests="1" failures="0" timestamp="22 Oct 2016 18:07:41 GMT" time="3.589" errors="0">
  <testcase name="testEasy" time="3.589" classname="example.NewTest"/>
</testsuite> <!-- example.NewTest -->
