<?xml version="1.0" encoding="UTF-8"?>
<!-- Generated by org.testng.reporters.JUnitReportReporter -->
<testsuite hostname="fredrik-G75VX" name="example.NewTest" tests="1" failures="0" timestamp="22 Oct 2016 18:09:59 GMT" time="4.197" errors="0">
  <testcase name="testEasy" time="4.197" classname="example.NewTest"/>
</testsuite> <!-- example.NewTest -->
